<?xml version="1.0" encoding="UTF-8"?>
<coverage generated="1712606719279" clover="3.2.0">
  <project timestamp="1712606719279" name="All files">
    <metrics statements="84" coveredstatements="84" conditionals="21" coveredconditionals="21" methods="18" coveredmethods="18" elements="123" coveredelements="123" complexity="0" loc="84" ncloc="84" packages="2" files="3" classes="3"/>
    <package name="lib">
      <metrics statements="49" coveredstatements="49" conditionals="16" coveredconditionals="16" methods="9" coveredmethods="9"/>
      <file name="commands.ts" path="/Users/cunderw/Dev/personal/node-socket-chat/src/lib/commands.ts">
        <metrics statements="41" coveredstatements="41" conditionals="16" coveredconditionals="16" methods="5" coveredmethods="5"/>
        <line num="3" count="1" type="stmt"/>
        <line num="9" count="1" type="stmt"/>
        <line num="11" count="1" type="stmt"/>
        <line num="16" count="4" type="cond" truecount="3" falsecount="0"/>
        <line num="17" count="1" type="stmt"/>
        <line num="18" count="1" type="stmt"/>
        <line num="21" count="3" type="stmt"/>
        <line num="23" count="3" type="cond" truecount="1" falsecount="0"/>
        <line num="24" count="1" type="stmt"/>
        <line num="25" count="1" type="stmt"/>
        <line num="28" count="2" type="stmt"/>
        <line num="33" count="1" type="stmt"/>
        <line num="34" count="4" type="cond" truecount="3" falsecount="0"/>
        <line num="35" count="1" type="stmt"/>
        <line num="36" count="1" type="stmt"/>
        <line num="39" count="3" type="stmt"/>
        <line num="40" count="3" type="cond" truecount="2" falsecount="0"/>
        <line num="41" count="2" type="stmt"/>
        <line num="42" count="2" type="stmt"/>
        <line num="44" count="1" type="stmt"/>
        <line num="48" count="1" type="stmt"/>
        <line num="49" count="4" type="stmt"/>
        <line num="50" count="4" type="stmt"/>
        <line num="52" count="4" type="cond" truecount="2" falsecount="0"/>
        <line num="53" count="1" type="stmt"/>
        <line num="54" count="1" type="cond" truecount="1" falsecount="0"/>
        <line num="56" count="1" type="stmt"/>
        <line num="57" count="1" type="stmt"/>
        <line num="60" count="3" type="stmt"/>
        <line num="61" count="3" type="cond" truecount="3" falsecount="0"/>
        <line num="63" count="1" type="stmt"/>
        <line num="64" count="1" type="stmt"/>
        <line num="67" count="1" type="stmt"/>
        <line num="68" count="1" type="stmt"/>
        <line num="71" count="1" type="stmt"/>
        <line num="72" count="1" type="stmt"/>
        <line num="77" count="1" type="stmt"/>
        <line num="78" count="4" type="stmt"/>
        <line num="79" count="4" type="stmt"/>
        <line num="80" count="9" type="cond" truecount="1" falsecount="0"/>
        <line num="81" count="6" type="stmt"/>
      </file>
      <file name="logger.ts" path="/Users/cunderw/Dev/personal/node-socket-chat/src/lib/logger.ts">
        <metrics statements="8" coveredstatements="8" conditionals="0" coveredconditionals="0" methods="4" coveredmethods="4"/>
        <line num="1" count="1" type="stmt"/>
        <line num="2" count="1" type="stmt"/>
        <line num="3" count="1" type="stmt"/>
        <line num="4" count="1" type="stmt"/>
        <line num="5" count="1" type="stmt"/>
        <line num="6" count="1" type="stmt"/>
        <line num="7" count="1" type="stmt"/>
        <line num="8" count="1" type="stmt"/>
      </file>
    </package>
    <package name="repository">
      <metrics statements="35" coveredstatements="35" conditionals="5" coveredconditionals="5" methods="9" coveredmethods="9"/>
      <file name="users.ts" path="/Users/cunderw/Dev/personal/node-socket-chat/src/repository/users.ts">
        <metrics statements="35" coveredstatements="35" conditionals="5" coveredconditionals="5" methods="9" coveredmethods="9"/>
        <line num="1" count="2" type="stmt"/>
        <line num="5" count="2" type="stmt"/>
        <line num="13" count="2" type="stmt"/>
        <line num="14" count="2" type="stmt"/>
        <line num="16" count="2" type="stmt"/>
        <line num="17" count="3" type="stmt"/>
        <line num="20" count="2" type="stmt"/>
        <line num="21" count="2" type="stmt"/>
        <line num="24" count="2" type="stmt"/>
        <line num="25" count="1" type="stmt"/>
        <line num="28" count="2" type="stmt"/>
        <line num="29" count="3" type="stmt"/>
        <line num="32" count="2" type="stmt"/>
        <line num="33" count="10" type="cond" truecount="1" falsecount="0"/>
        <line num="34" count="1" type="stmt"/>
        <line num="37" count="9" type="stmt"/>
        <line num="39" count="9" type="stmt"/>
        <line num="41" count="9" type="stmt"/>
        <line num="44" count="2" type="stmt"/>
        <line num="49" count="6" type="stmt"/>
        <line num="51" count="6" type="cond" truecount="3" falsecount="0"/>
        <line num="52" count="1" type="stmt"/>
        <line num="55" count="5" type="stmt"/>
        <line num="57" count="5" type="stmt"/>
        <line num="60" count="2" type="stmt"/>
        <line num="61" count="10" type="stmt"/>
        <line num="63" count="10" type="stmt"/>
        <line num="65" count="10" type="stmt"/>
        <line num="68" count="2" type="stmt"/>
        <line num="69" count="2" type="cond" truecount="1" falsecount="0"/>
        <line num="70" count="1" type="stmt"/>
        <line num="71" count="1" type="stmt"/>
        <line num="76" count="1" type="stmt"/>
        <line num="78" count="1" type="stmt"/>
        <line num="79" count="1" type="stmt"/>
      </file>
    </package>
  </project>
</coverage>
