{"/Users/cunderw/Dev/personal/node-socket-chat/src/lib/commands.ts": {"path":"/Users/cunderw/Dev/personal/node-socket-chat/src/lib/commands.ts","statementMap":{"0":{"start":{"line":3,"column":0},"end":{"line":3,"column":null}},"1":{"start":{"line":9,"column":0},"end":{"line":9,"column":34}},"2":{"start":{"line":16,"column":2},"end":{"line":19,"column":null}},"3":{"start":{"line":17,"column":4},"end":{"line":17,"column":null}},"4":{"start":{"line":18,"column":4},"end":{"line":18,"column":10}},"5":{"start":{"line":21,"column":18},"end":{"line":21,"column":46}},"6":{"start":{"line":23,"column":2},"end":{"line":26,"column":null}},"7":{"start":{"line":24,"column":4},"end":{"line":24,"column":null}},"8":{"start":{"line":25,"column":4},"end":{"line":25,"column":10}},"9":{"start":{"line":28,"column":2},"end":{"line":30,"column":null}},"10":{"start":{"line":11,"column":0},"end":{"line":11,"column":16}},"11":{"start":{"line":34,"column":2},"end":{"line":37,"column":null}},"12":{"start":{"line":35,"column":4},"end":{"line":35,"column":null}},"13":{"start":{"line":36,"column":4},"end":{"line":36,"column":10}},"14":{"start":{"line":39,"column":18},"end":{"line":39,"column":51}},"15":{"start":{"line":40,"column":2},"end":{"line":45,"column":null}},"16":{"start":{"line":41,"column":4},"end":{"line":41,"column":null}},"17":{"start":{"line":42,"column":4},"end":{"line":42,"column":null}},"18":{"start":{"line":44,"column":4},"end":{"line":44,"column":null}},"19":{"start":{"line":33,"column":0},"end":{"line":33,"column":16}},"20":{"start":{"line":49,"column":15},"end":{"line":49,"column":33}},"21":{"start":{"line":50,"column":18},"end":{"line":50,"column":25}},"22":{"start":{"line":52,"column":2},"end":{"line":74,"column":null}},"23":{"start":{"line":53,"column":4},"end":{"line":53,"column":null}},"24":{"start":{"line":54,"column":4},"end":{"line":58,"column":null}},"25":{"start":{"line":56,"column":8},"end":{"line":56,"column":null}},"26":{"start":{"line":57,"column":8},"end":{"line":57,"column":13}},"27":{"start":{"line":60,"column":4},"end":{"line":60,"column":null}},"28":{"start":{"line":61,"column":4},"end":{"line":73,"column":null}},"29":{"start":{"line":63,"column":8},"end":{"line":63,"column":null}},"30":{"start":{"line":64,"column":8},"end":{"line":64,"column":13}},"31":{"start":{"line":67,"column":8},"end":{"line":67,"column":null}},"32":{"start":{"line":68,"column":8},"end":{"line":68,"column":13}},"33":{"start":{"line":71,"column":8},"end":{"line":71,"column":null}},"34":{"start":{"line":72,"column":8},"end":{"line":72,"column":13}},"35":{"start":{"line":48,"column":0},"end":{"line":48,"column":16}},"36":{"start":{"line":78,"column":22},"end":{"line":78,"column":38}},"37":{"start":{"line":79,"column":2},"end":{"line":83,"column":null}},"38":{"start":{"line":80,"column":4},"end":{"line":82,"column":null}},"39":{"start":{"line":81,"column":6},"end":{"line":81,"column":null}},"40":{"start":{"line":77,"column":0},"end":{"line":77,"column":16}}},"fnMap":{"0":{"name":"handleRegister","decl":{"start":{"line":11,"column":16},"end":{"line":11,"column":30}},"loc":{"start":{"line":14,"column":19},"end":{"line":31,"column":1}}},"1":{"name":"handleLogin","decl":{"start":{"line":33,"column":16},"end":{"line":33,"column":27}},"loc":{"start":{"line":33,"column":76},"end":{"line":46,"column":1}}},"2":{"name":"processCommand","decl":{"start":{"line":48,"column":16},"end":{"line":48,"column":30}},"loc":{"start":{"line":48,"column":75},"end":{"line":75,"column":1}}},"3":{"name":"broadcastMessage","decl":{"start":{"line":77,"column":16},"end":{"line":77,"column":32}},"loc":{"start":{"line":77,"column":64},"end":{"line":84,"column":1}}},"4":{"name":"(anonymous_10)","decl":{"start":{"line":79,"column":22},"end":{"line":79,"column":23}},"loc":{"start":{"line":79,"column":31},"end":{"line":83,"column":3}}}},"branchMap":{"0":{"loc":{"start":{"line":16,"column":2},"end":{"line":19,"column":null}},"type":"if","locations":[{"start":{"line":16,"column":2},"end":{"line":19,"column":null}}]},"1":{"loc":{"start":{"line":16,"column":6},"end":{"line":16,"column":24}},"type":"binary-expr","locations":[{"start":{"line":16,"column":6},"end":{"line":16,"column":11}},{"start":{"line":16,"column":15},"end":{"line":16,"column":24}}]},"2":{"loc":{"start":{"line":23,"column":2},"end":{"line":26,"column":null}},"type":"if","locations":[{"start":{"line":23,"column":2},"end":{"line":26,"column":null}}]},"3":{"loc":{"start":{"line":34,"column":2},"end":{"line":37,"column":null}},"type":"if","locations":[{"start":{"line":34,"column":2},"end":{"line":37,"column":null}}]},"4":{"loc":{"start":{"line":34,"column":6},"end":{"line":34,"column":24}},"type":"binary-expr","locations":[{"start":{"line":34,"column":6},"end":{"line":34,"column":11}},{"start":{"line":34,"column":15},"end":{"line":34,"column":24}}]},"5":{"loc":{"start":{"line":40,"column":2},"end":{"line":45,"column":null}},"type":"if","locations":[{"start":{"line":40,"column":2},"end":{"line":45,"column":null}},{"start":{"line":43,"column":9},"end":{"line":45,"column":null}}]},"6":{"loc":{"start":{"line":52,"column":2},"end":{"line":74,"column":null}},"type":"if","locations":[{"start":{"line":52,"column":2},"end":{"line":74,"column":null}},{"start":{"line":59,"column":9},"end":{"line":74,"column":null}}]},"7":{"loc":{"start":{"line":54,"column":4},"end":{"line":58,"column":null}},"type":"switch","locations":[{"start":{"line":55,"column":6},"end":{"line":57,"column":13}}]},"8":{"loc":{"start":{"line":61,"column":4},"end":{"line":73,"column":null}},"type":"switch","locations":[{"start":{"line":62,"column":6},"end":{"line":64,"column":13}},{"start":{"line":66,"column":6},"end":{"line":68,"column":13}},{"start":{"line":70,"column":6},"end":{"line":72,"column":13}}]},"9":{"loc":{"start":{"line":80,"column":4},"end":{"line":82,"column":null}},"type":"if","locations":[{"start":{"line":80,"column":4},"end":{"line":82,"column":null}}]}},"s":{"0":1,"1":1,"2":4,"3":1,"4":1,"5":3,"6":3,"7":1,"8":1,"9":2,"10":1,"11":4,"12":1,"13":1,"14":3,"15":3,"16":2,"17":2,"18":1,"19":1,"20":4,"21":4,"22":4,"23":1,"24":1,"25":1,"26":1,"27":3,"28":3,"29":1,"30":1,"31":1,"32":1,"33":1,"34":1,"35":1,"36":4,"37":4,"38":9,"39":6,"40":1},"f":{"0":4,"1":4,"2":4,"3":4,"4":9},"b":{"0":[1],"1":[4,3],"2":[1],"3":[1],"4":[4,3],"5":[2,1],"6":[1,3],"7":[1],"8":[1,1,1],"9":[6]}}
,"/Users/cunderw/Dev/personal/node-socket-chat/src/lib/logger.ts": {"path":"/Users/cunderw/Dev/personal/node-socket-chat/src/lib/logger.ts","statementMap":{"0":{"start":{"line":1,"column":21},"end":{"line":2,"column":35}},"1":{"start":{"line":2,"column":2},"end":{"line":2,"column":35}},"2":{"start":{"line":1,"column":13},"end":{"line":1,"column":21}},"3":{"start":{"line":3,"column":20},"end":{"line":4,"column":34}},"4":{"start":{"line":4,"column":2},"end":{"line":4,"column":34}},"5":{"start":{"line":3,"column":13},"end":{"line":3,"column":20}},"6":{"start":{"line":5,"column":20},"end":{"line":6,"column":34}},"7":{"start":{"line":6,"column":2},"end":{"line":6,"column":34}},"8":{"start":{"line":5,"column":13},"end":{"line":5,"column":20}},"9":{"start":{"line":7,"column":21},"end":{"line":8,"column":35}},"10":{"start":{"line":8,"column":2},"end":{"line":8,"column":35}},"11":{"start":{"line":7,"column":13},"end":{"line":7,"column":21}}},"fnMap":{"0":{"name":"(anonymous_0)","decl":{"start":{"line":1,"column":21},"end":{"line":1,"column":22}},"loc":{"start":{"line":2,"column":2},"end":{"line":2,"column":35}}},"1":{"name":"(anonymous_1)","decl":{"start":{"line":3,"column":20},"end":{"line":3,"column":21}},"loc":{"start":{"line":4,"column":2},"end":{"line":4,"column":34}}},"2":{"name":"(anonymous_2)","decl":{"start":{"line":5,"column":20},"end":{"line":5,"column":21}},"loc":{"start":{"line":6,"column":2},"end":{"line":6,"column":34}}},"3":{"name":"(anonymous_3)","decl":{"start":{"line":7,"column":21},"end":{"line":7,"column":22}},"loc":{"start":{"line":8,"column":2},"end":{"line":8,"column":35}}}},"branchMap":{},"s":{"0":1,"1":1,"2":1,"3":1,"4":1,"5":1,"6":1,"7":1,"8":1,"9":1,"10":1,"11":1},"f":{"0":1,"1":1,"2":1,"3":1},"b":{}}
,"/Users/cunderw/Dev/personal/node-socket-chat/src/repository/users.ts": {"path":"/Users/cunderw/Dev/personal/node-socket-chat/src/repository/users.ts","statementMap":{"0":{"start":{"line":1,"column":0},"end":{"line":1,"column":24}},"1":{"start":{"line":5,"column":17},"end":{"line":5,"column":46}},"2":{"start":{"line":13,"column":13},"end":{"line":13,"column":null}},"3":{"start":{"line":14,"column":13},"end":{"line":14,"column":null}},"4":{"start":{"line":16,"column":29},"end":{"line":18,"column":1}},"5":{"start":{"line":17,"column":2},"end":{"line":17,"column":null}},"6":{"start":{"line":16,"column":13},"end":{"line":16,"column":29}},"7":{"start":{"line":20,"column":37},"end":{"line":22,"column":1}},"8":{"start":{"line":21,"column":2},"end":{"line":21,"column":null}},"9":{"start":{"line":20,"column":13},"end":{"line":20,"column":37}},"10":{"start":{"line":24,"column":32},"end":{"line":26,"column":1}},"11":{"start":{"line":25,"column":2},"end":{"line":25,"column":null}},"12":{"start":{"line":24,"column":13},"end":{"line":24,"column":32}},"13":{"start":{"line":28,"column":30},"end":{"line":30,"column":1}},"14":{"start":{"line":29,"column":2},"end":{"line":29,"column":null}},"15":{"start":{"line":28,"column":13},"end":{"line":28,"column":30}},"16":{"start":{"line":32,"column":28},"end":{"line":42,"column":1}},"17":{"start":{"line":33,"column":2},"end":{"line":35,"column":null}},"18":{"start":{"line":34,"column":4},"end":{"line":34,"column":null}},"19":{"start":{"line":37,"column":2},"end":{"line":37,"column":null}},"20":{"start":{"line":39,"column":2},"end":{"line":39,"column":null}},"21":{"start":{"line":41,"column":2},"end":{"line":41,"column":null}},"22":{"start":{"line":32,"column":13},"end":{"line":32,"column":28}},"23":{"start":{"line":44,"column":25},"end":{"line":58,"column":1}},"24":{"start":{"line":49,"column":15},"end":{"line":49,"column":33}},"25":{"start":{"line":51,"column":2},"end":{"line":53,"column":null}},"26":{"start":{"line":52,"column":4},"end":{"line":52,"column":null}},"27":{"start":{"line":55,"column":2},"end":{"line":55,"column":null}},"28":{"start":{"line":57,"column":2},"end":{"line":57,"column":null}},"29":{"start":{"line":44,"column":13},"end":{"line":44,"column":25}},"30":{"start":{"line":61,"column":16},"end":{"line":61,"column":36}},"31":{"start":{"line":63,"column":2},"end":{"line":63,"column":null}},"32":{"start":{"line":65,"column":2},"end":{"line":65,"column":null}},"33":{"start":{"line":60,"column":0},"end":{"line":60,"column":16}},"34":{"start":{"line":69,"column":2},"end":{"line":81,"column":null}},"35":{"start":{"line":70,"column":22},"end":{"line":70,"column":56}},"36":{"start":{"line":71,"column":18},"end":{"line":71,"column":null}},"37":{"start":{"line":76,"column":4},"end":{"line":76,"column":null}},"38":{"start":{"line":78,"column":4},"end":{"line":80,"column":null}},"39":{"start":{"line":79,"column":6},"end":{"line":79,"column":null}},"40":{"start":{"line":68,"column":0},"end":{"line":68,"column":16}}},"fnMap":{"0":{"name":"(anonymous_1)","decl":{"start":{"line":16,"column":29},"end":{"line":16,"column":30}},"loc":{"start":{"line":16,"column":64},"end":{"line":18,"column":1}}},"1":{"name":"(anonymous_2)","decl":{"start":{"line":20,"column":37},"end":{"line":20,"column":38}},"loc":{"start":{"line":20,"column":74},"end":{"line":22,"column":1}}},"2":{"name":"(anonymous_3)","decl":{"start":{"line":24,"column":32},"end":{"line":24,"column":33}},"loc":{"start":{"line":24,"column":51},"end":{"line":26,"column":1}}},"3":{"name":"(anonymous_4)","decl":{"start":{"line":28,"column":30},"end":{"line":28,"column":41}},"loc":{"start":{"line":28,"column":43},"end":{"line":30,"column":1}}},"4":{"name":"(anonymous_5)","decl":{"start":{"line":32,"column":28},"end":{"line":32,"column":29}},"loc":{"start":{"line":32,"column":72},"end":{"line":42,"column":1}}},"5":{"name":"(anonymous_6)","decl":{"start":{"line":44,"column":25},"end":{"line":44,"column":null}},"loc":{"start":{"line":48,"column":13},"end":{"line":58,"column":1}}},"6":{"name":"saveUsers","decl":{"start":{"line":60,"column":16},"end":{"line":60,"column":25}},"loc":{"start":{"line":60,"column":25},"end":{"line":66,"column":1}}},"7":{"name":"loadUsers","decl":{"start":{"line":68,"column":16},"end":{"line":68,"column":25}},"loc":{"start":{"line":68,"column":25},"end":{"line":82,"column":1}}},"8":{"name":"(anonymous_9)","decl":{"start":{"line":78,"column":18},"end":{"line":78,"column":19}},"loc":{"start":{"line":78,"column":35},"end":{"line":80,"column":5}}}},"branchMap":{"0":{"loc":{"start":{"line":33,"column":2},"end":{"line":35,"column":null}},"type":"if","locations":[{"start":{"line":33,"column":2},"end":{"line":35,"column":null}}]},"1":{"loc":{"start":{"line":51,"column":2},"end":{"line":53,"column":null}},"type":"if","locations":[{"start":{"line":51,"column":2},"end":{"line":53,"column":null}}]},"2":{"loc":{"start":{"line":51,"column":6},"end":{"line":51,"column":41}},"type":"binary-expr","locations":[{"start":{"line":51,"column":6},"end":{"line":51,"column":11}},{"start":{"line":51,"column":15},"end":{"line":51,"column":41}}]},"3":{"loc":{"start":{"line":69,"column":2},"end":{"line":81,"column":null}},"type":"if","locations":[{"start":{"line":69,"column":2},"end":{"line":81,"column":null}}]}},"s":{"0":2,"1":2,"2":2,"3":2,"4":2,"5":3,"6":2,"7":2,"8":2,"9":2,"10":2,"11":1,"12":2,"13":2,"14":3,"15":2,"16":2,"17":10,"18":1,"19":9,"20":9,"21":9,"22":2,"23":2,"24":6,"25":6,"26":1,"27":5,"28":5,"29":2,"30":10,"31":10,"32":10,"33":2,"34":2,"35":1,"36":1,"37":1,"38":1,"39":1,"40":2},"f":{"0":3,"1":2,"2":1,"3":3,"4":10,"5":6,"6":10,"7":2,"8":1},"b":{"0":[1],"1":[1],"2":[6,5],"3":[1]}}
}
