TN:
SF:src/lib/commands.ts
FN:11,handleRegister
FN:33,handleLogin
FN:48,processCommand
FN:77,broadcastMessage
FN:79,(anonymous_10)
FNF:5
FNH:5
FNDA:4,handleRegister
FNDA:4,handleLogin
FNDA:4,processCommand
FNDA:4,broadcastMessage
FNDA:9,(anonymous_10)
DA:3,1
DA:9,1
DA:11,1
DA:16,4
DA:17,1
DA:18,1
DA:21,3
DA:23,3
DA:24,1
DA:25,1
DA:28,2
DA:33,1
DA:34,4
DA:35,1
DA:36,1
DA:39,3
DA:40,3
DA:41,2
DA:42,2
DA:44,1
DA:48,1
DA:49,4
DA:50,4
DA:52,4
DA:53,1
DA:54,1
DA:56,1
DA:57,1
DA:60,3
DA:61,3
DA:63,1
DA:64,1
DA:67,1
DA:68,1
DA:71,1
DA:72,1
DA:77,1
DA:78,4
DA:79,4
DA:80,9
DA:81,6
LF:41
LH:41
BRDA:16,0,0,1
BRDA:16,1,0,4
BRDA:16,1,1,3
BRDA:23,2,0,1
BRDA:34,3,0,1
BRDA:34,4,0,4
BRDA:34,4,1,3
BRDA:40,5,0,2
BRDA:40,5,1,1
BRDA:52,6,0,1
BRDA:52,6,1,3
BRDA:54,7,0,1
BRDA:61,8,0,1
BRDA:61,8,1,1
BRDA:61,8,2,1
BRDA:80,9,0,6
BRF:16
BRH:16
end_of_record
TN:
SF:src/lib/logger.ts
FN:1,(anonymous_0)
FN:3,(anonymous_1)
FN:5,(anonymous_2)
FN:7,(anonymous_3)
FNF:4
FNH:4
FNDA:1,(anonymous_0)
FNDA:1,(anonymous_1)
FNDA:1,(anonymous_2)
FNDA:1,(anonymous_3)
DA:1,1
DA:2,1
DA:3,1
DA:4,1
DA:5,1
DA:6,1
DA:7,1
DA:8,1
LF:8
LH:8
BRF:0
BRH:0
end_of_record
TN:
SF:src/repository/users.ts
FN:16,(anonymous_1)
FN:20,(anonymous_2)
FN:24,(anonymous_3)
FN:28,(anonymous_4)
FN:32,(anonymous_5)
FN:44,(anonymous_6)
FN:60,saveUsers
FN:68,loadUsers
FN:78,(anonymous_9)
FNF:9
FNH:9
FNDA:3,(anonymous_1)
FNDA:2,(anonymous_2)
FNDA:1,(anonymous_3)
FNDA:3,(anonymous_4)
FNDA:10,(anonymous_5)
FNDA:6,(anonymous_6)
FNDA:10,saveUsers
FNDA:2,loadUsers
FNDA:1,(anonymous_9)
DA:1,2
DA:5,2
DA:13,2
DA:14,2
DA:16,2
DA:17,3
DA:20,2
DA:21,2
DA:24,2
DA:25,1
DA:28,2
DA:29,3
DA:32,2
DA:33,10
DA:34,1
DA:37,9
DA:39,9
DA:41,9
DA:44,2
DA:49,6
DA:51,6
DA:52,1
DA:55,5
DA:57,5
DA:60,2
DA:61,10
DA:63,10
DA:65,10
DA:68,2
DA:69,2
DA:70,1
DA:71,1
DA:76,1
DA:78,1
DA:79,1
LF:35
LH:35
BRDA:33,0,0,1
BRDA:51,1,0,1
BRDA:51,2,0,6
BRDA:51,2,1,5
BRDA:69,3,0,1
BRF:5
BRH:5
end_of_record
